{
  "RSpec": {
    "coverage": {
      "/Users/adambutler/Sites/acts_as_pushable/spec/internal/config/environment.rb": [
        null,
        1,
        null,
        null,
        1
      ],
      "/Users/adambutler/Sites/acts_as_pushable/spec/internal/config/application.rb": [
        1,
        null,
        null,
        1,
        1,
        1,
        1,
        1,
        null,
        null,
        1,
        1,
        null,
        1,
        1,
        null,
        null,
        null,
        null,
        null,
        null,
        null,
        null,
        null,
        null,
        null,
        1,
        null,
        null,
        null
      ],
      "/Users/adambutler/Sites/acts_as_pushable/spec/internal/config/boot.rb": [
        null,
        1,
        null,
        1,
        1
      ],
      "/Users/adambutler/Sites/acts_as_pushable/lib/acts_as_pushable.rb": [
        1,
        1,
        null,
        1,
        1,
        null,
        1,
        1,
        null,
        1,
        1,
        null,
        1,
        1,
        3,
        1,
        1,
        null,
        null,
        null,
        3,
        null,
        null,
        1,
        10,
        11,
        null,
        null,
        null
      ],
      "/Users/adambutler/Sites/acts_as_pushable/lib/acts_as_pushable/configuration.rb": [
        1,
        1,
        1,
        null,
        1,
        1,
        1,
        null,
        null,
        1,
        2,
        null,
        null,
        1,
        2,
        null,
        null,
        null
      ],
      "/Users/adambutler/Sites/acts_as_pushable/lib/acts_as_pushable/active_record/device.rb": [
        1,
        1,
        1,
        null,
        1,
        1,
        1,
        null,
        1,
        null,
        1,
        null,
        1,
        1,
        null,
        null,
        1,
        1,
        null,
        null,
        1,
        2,
        null,
        null,
        null,
        null,
        null,
        1,
        3,
        null,
        1,
        null,
        2,
        1,
        null,
        null,
        null,
        1,
        null,
        1,
        38,
        null,
        null,
        null
      ],
      "/Users/adambutler/Sites/acts_as_pushable/lib/acts_as_pushable/pushable.rb": [
        1,
        1,
        1,
        null,
        1,
        null,
        null,
        1,
        1,
        1,
        null,
        null,
        null,
        1,
        3,
        null,
        null,
        1,
        6,
        null,
        null,
        1,
        21,
        21,
        null,
        null,
        1,
        1,
        1,
        null,
        null,
        1,
        1,
        2,
        null,
        null,
        null,
        1,
        null,
        1,
        22,
        null,
        null,
        null,
        null,
        null,
        1
      ],
      "/Users/adambutler/Sites/acts_as_pushable/lib/acts_as_pushable/apn/notification.rb": [
        1,
        null,
        1,
        1,
        1,
        1,
        2,
        2,
        null,
        2,
        2,
        null,
        2,
        null,
        null,
        null,
        null,
        null,
        null,
        null,
        null,
        null,
        null,
        null,
        2,
        2,
        2,
        2,
        null,
        2,
        1,
        null,
        1,
        null,
        null,
        null,
        null,
        null
      ],
      "/Users/adambutler/Sites/acts_as_pushable/lib/acts_as_pushable/gcm/notification.rb": [
        1,
        null,
        1,
        1,
        1,
        1,
        2,
        null,
        null,
        null,
        null,
        null,
        null,
        null,
        null,
        null,
        null,
        null,
        2,
        null,
        2,
        null,
        null,
        null,
        null,
        null,
        null,
        2,
        2,
        1,
        null,
        null,
        null,
        null,
        null
      ],
      "/Users/adambutler/Sites/acts_as_pushable/spec/internal/config/environments/test.rb": [
        1,
        null,
        null,
        null,
        null,
        null,
        null,
        1,
        null,
        null,
        null,
        null,
        1,
        null,
        null,
        1,
        1,
        null,
        null,
        1,
        null,
        null,
        1,
        null,
        null,
        null,
        null,
        1,
        null,
        null,
        1,
        null,
        null,
        null,
        null
      ],
      "/Users/adambutler/Sites/acts_as_pushable/spec/internal/config/initializers/acts_as_pushable.rb": [
        1,
        null,
        null,
        null,
        null
      ],
      "/Users/adambutler/Sites/acts_as_pushable/spec/internal/config/initializers/assets.rb": [
        null,
        null,
        null,
        1,
        null,
        null,
        null,
        null
      ],
      "/Users/adambutler/Sites/acts_as_pushable/spec/internal/config/initializers/backtrace_silencers.rb": [
        null,
        null,
        null,
        null,
        null,
        null,
        null
      ],
      "/Users/adambutler/Sites/acts_as_pushable/spec/internal/config/initializers/cookies_serializer.rb": [
        null,
        null,
        1
      ],
      "/Users/adambutler/Sites/acts_as_pushable/spec/internal/config/initializers/filter_parameter_logging.rb": [
        null,
        null,
        null,
        1
      ],
      "/Users/adambutler/Sites/acts_as_pushable/spec/internal/config/initializers/inflections.rb": [
        null,
        null,
        null,
        null,
        null,
        null,
        null,
        null,
        null,
        null,
        null,
        null,
        null,
        null,
        null,
        null
      ],
      "/Users/adambutler/Sites/acts_as_pushable/spec/internal/config/initializers/mime_types.rb": [
        null,
        null,
        null,
        null
      ],
      "/Users/adambutler/Sites/acts_as_pushable/spec/internal/config/initializers/session_store.rb": [
        null,
        null,
        1
      ],
      "/Users/adambutler/Sites/acts_as_pushable/spec/internal/config/initializers/wrap_parameters.rb": [
        null,
        null,
        null,
        null,
        null,
        null,
        1,
        1,
        null,
        null,
        null,
        null,
        null,
        null
      ],
      "/Users/adambutler/Sites/acts_as_pushable/spec/internal/config/routes.rb": [
        1,
        null,
        null,
        null,
        null,
        null,
        null,
        null,
        null,
        null,
        null,
        null,
        null,
        null,
        null,
        null,
        null,
        null,
        null,
        null,
        null,
        null,
        null,
        null,
        null,
        null,
        null,
        null,
        null,
        null,
        null,
        null,
        null,
        null,
        null,
        null,
        null,
        null,
        null,
        null,
        null,
        null,
        null,
        null,
        null,
        null,
        null,
        null,
        null,
        null,
        null,
        null,
        null,
        null,
        null,
        null
      ],
      "/Users/adambutler/Sites/acts_as_pushable/spec/internal/app/helpers/application_helper.rb": [
        1,
        null
      ],
      "/Users/adambutler/Sites/acts_as_pushable/spec/internal/db/schema.rb": [
        null,
        null,
        null,
        null,
        null,
        null,
        null,
        null,
        null,
        null,
        null,
        null,
        null,
        1,
        null,
        1,
        1,
        1,
        1,
        1,
        1,
        1,
        1,
        1,
        1,
        1,
        1,
        1,
        1,
        1,
        1,
        null,
        null,
        1,
        1,
        1,
        null,
        null,
        null
      ],
      "/Users/adambutler/Sites/acts_as_pushable/spec/acts_as_pushable/apn/notification_spec.rb": [
        1,
        null,
        1,
        1,
        1,
        2,
        null,
        null,
        null,
        null,
        null,
        null,
        null,
        1,
        1,
        1,
        1,
        null,
        null,
        1,
        1,
        1,
        1,
        1,
        null,
        null,
        null,
        null,
        null
      ],
      "/Users/adambutler/Sites/acts_as_pushable/spec/acts_as_pushable/gcm/notification_spec.rb": [
        1,
        null,
        1,
        1,
        1,
        2,
        null,
        null,
        null,
        null,
        null,
        null,
        null,
        1,
        1,
        1,
        1,
        null,
        null,
        1,
        1,
        1,
        1,
        1,
        1,
        null,
        null,
        null,
        null,
        null
      ],
      "/Users/adambutler/Sites/acts_as_pushable/spec/acts_as_pushable/pushable_spec.rb": [
        1,
        null,
        1,
        1,
        1,
        9,
        9,
        9,
        null,
        9,
        null,
        null,
        null,
        null,
        null,
        null,
        9,
        null,
        null,
        null,
        null,
        null,
        null,
        null,
        1,
        1,
        1,
        1,
        1,
        1,
        1,
        null,
        null,
        null,
        1,
        1,
        1,
        1,
        1,
        null,
        null,
        null,
        1,
        1,
        1,
        1,
        1,
        null,
        null,
        null,
        1,
        1,
        1,
        1,
        1,
        null,
        null,
        null,
        1,
        1,
        1,
        3,
        1,
        1,
        null,
        null,
        null,
        1,
        1,
        4,
        null,
        null,
        1,
        1,
        2,
        null,
        null,
        null,
        null,
        null,
        null,
        null,
        1,
        1,
        1,
        null,
        null,
        1,
        1,
        1,
        null,
        null,
        null,
        1,
        1,
        2,
        null,
        null,
        null,
        null,
        null,
        null,
        1,
        1,
        1,
        null,
        null,
        1,
        2,
        null,
        null,
        null,
        null,
        null
      ],
      "/Users/adambutler/Sites/acts_as_pushable/spec/acts_as_pushable_spec.rb": [
        1,
        null,
        1,
        1,
        1,
        1,
        1,
        null,
        1,
        null,
        null,
        1,
        1,
        1,
        null,
        null,
        null
      ],
      "/Users/adambutler/Sites/acts_as_pushable/spec/internal/app/models/user.rb": [
        1,
        1,
        null
      ]
    },
    "timestamp": 1465288504
  }
}
